<?xml version="1.0" encoding="UTF-8"?>
<!-- Generated by org.testng.reporters.JUnitReportReporter -->
<testsuite hostname="Vicky-PC" name="com.maven.testproject.com.maven.testproject.AppTest" tests="1" failures="0" timestamp="22 Feb 2019 08:42:33 GMT" time="90.620" errors="0">
  <testcase name="launchWebsite" time="90.620" classname="com.maven.testproject.com.maven.testproject.AppTest"/>
</testsuite> <!-- com.maven.testproject.com.maven.testproject.AppTest -->
